Using pre-set license
Built from '2021.3/release' branch; Version is '2021.3.28f1 (232e59c3f087) revision 2305625'; Using compiler version '192829333'; Build Type 'Release'
OS: 'Windows 11  (10.0.22621) 64bit CoreSingleLanguage' Language: 'en' Physical Memory: 7860 MB
BatchMode: 1, IsHumanControllingUs: 0, StartBugReporterOnCrash: 0, Is64bit: 1, IsPro: 1

COMMAND LINE ARGUMENTS:
C:\Program Files\Unity\Hub\Editor\2021.3.28f1\Editor\Unity.exe
-adb2
-batchMode
-noUpm
-name
AssetImportWorker3
-projectPath
C:/Users/ADMIN/My project (1)
-logFile
Logs/AssetImportWorker3.log
-srvPort
57995
Successfully changed project path to: C:/Users/ADMIN/My project (1)
C:/Users/ADMIN/My project (1)
[UnityMemory] Configuration Parameters - Can be set up in boot.config
    "memorysetup-bucket-allocator-granularity=16"
    "memorysetup-bucket-allocator-bucket-count=8"
    "memorysetup-bucket-allocator-block-size=33554432"
    "memorysetup-bucket-allocator-block-count=8"
    "memorysetup-main-allocator-block-size=16777216"
    "memorysetup-thread-allocator-block-size=16777216"
    "memorysetup-gfx-main-allocator-block-size=16777216"
    "memorysetup-gfx-thread-allocator-block-size=16777216"
    "memorysetup-cache-allocator-block-size=4194304"
    "memorysetup-typetree-allocator-block-size=2097152"
    "memorysetup-profiler-bucket-allocator-granularity=16"
    "memorysetup-profiler-bucket-allocator-bucket-count=8"
    "memorysetup-profiler-bucket-allocator-block-size=33554432"
    "memorysetup-profiler-bucket-allocator-block-count=8"
    "memorysetup-profiler-allocator-block-size=16777216"
    "memorysetup-profiler-editor-allocator-block-size=1048576"
    "memorysetup-temp-allocator-size-main=16777216"
    "memorysetup-job-temp-allocator-block-size=2097152"
    "memorysetup-job-temp-allocator-block-size-background=1048576"
    "memorysetup-job-temp-allocator-reduction-small-platforms=262144"
    "memorysetup-temp-allocator-size-background-worker=32768"
    "memorysetup-temp-allocator-size-job-worker=262144"
    "memorysetup-temp-allocator-size-preload-manager=33554432"
    "memorysetup-temp-allocator-size-nav-mesh-worker=65536"
    "memorysetup-temp-allocator-size-audio-worker=65536"
    "memorysetup-temp-allocator-size-cloud-worker=32768"
    "memorysetup-temp-allocator-size-gi-baking-worker=262144"
    "memorysetup-temp-allocator-size-gfx=262144"
Player connection [19812] Host "[IP] 192.168.86.34 [Port] 0 [Flags] 2 [Guid] 2018309754 [EditorId] 2018309754 [Version] 1048832 [Id] WindowsEditor(7,LAPTOP-6V9RRFM5) [Debug] 1 [PackageName] WindowsEditor [ProjectName] Editor" joined multi-casting on [225.0.0.222:54997]...

Player connection [19812] Host "[IP] 192.168.86.34 [Port] 0 [Flags] 2 [Guid] 2018309754 [EditorId] 2018309754 [Version] 1048832 [Id] WindowsEditor(7,LAPTOP-6V9RRFM5) [Debug] 1 [PackageName] WindowsEditor [ProjectName] Editor" joined alternative multi-casting on [225.0.0.222:34997]...

Refreshing native plugins compatible for Editor in 117.91 ms, found 3 plugins.
Preloading 0 native plugins for Editor in 0.00 ms.
Initialize engine version: 2021.3.28f1 (232e59c3f087)
[Subsystems] Discovering subsystems at path C:/Program Files/Unity/Hub/Editor/2021.3.28f1/Editor/Data/Resources/UnitySubsystems
[Subsystems] Discovering subsystems at path C:/Users/ADMIN/My project (1)/Assets
GfxDevice: creating device client; threaded=0; jobified=0
Direct3D:
    Version:  Direct3D 11.0 [level 11.1]
    Renderer: Intel(R) UHD Graphics (ID=0x46b3)
    Vendor:   Intel
    VRAM:     3930 MB
    Driver:   31.0.101.4146
Initialize mono
Mono path[0] = 'C:/Program Files/Unity/Hub/Editor/2021.3.28f1/Editor/Data/Managed'
Mono path[1] = 'C:/Program Files/Unity/Hub/Editor/2021.3.28f1/Editor/Data/MonoBleedingEdge/lib/mono/unityjit-win32'
Mono config path = 'C:/Program Files/Unity/Hub/Editor/2021.3.28f1/Editor/Data/MonoBleedingEdge/etc'
Using monoOptions --debugger-agent=transport=dt_socket,embedding=1,server=y,suspend=n,address=127.0.0.1:56224
Begin MonoManager ReloadAssembly
Registering precompiled unity dll's ...
Register platform support module: C:/Program Files/Unity/Hub/Editor/2021.3.28f1/Editor/Data/PlaybackEngines/WindowsStandaloneSupport/UnityEditor.WindowsStandalone.Extensions.dll
Registered in 0.004346 seconds.
Native extension for WindowsStandalone target not found
Refreshing native plugins compatible for Editor in 80.41 ms, found 3 plugins.
Preloading 0 native plugins for Editor in 0.00 ms.
Mono: successfully reloaded assembly
- Completed reload, in  1.049 seconds
Domain Reload Profiling:
	ReloadAssembly (1050ms)
		BeginReloadAssembly (128ms)
			ExecutionOrderSort (0ms)
			DisableScriptedObjects (0ms)
			BackupInstance (0ms)
			ReleaseScriptingObjects (0ms)
			CreateAndSetChildDomain (1ms)
		EndReloadAssembly (818ms)
			LoadAssemblies (128ms)
			RebuildTransferFunctionScriptingTraits (0ms)
			SetupTypeCache (281ms)
			ReleaseScriptCaches (0ms)
			RebuildScriptCaches (38ms)
			SetupLoadedEditorAssemblies (418ms)
				LogAssemblyErrors (0ms)
				InitializePlatformSupportModulesInManaged (12ms)
				SetLoadedEditorAssemblies (0ms)
				RefreshPlugins (81ms)
				BeforeProcessingInitializeOnLoad (2ms)
				ProcessInitializeOnLoadAttributes (231ms)
				ProcessInitializeOnLoadMethodAttributes (93ms)
				AfterProcessingInitializeOnLoad (0ms)
				EditorAssembliesLoaded (0ms)
			ExecutionOrderSort2 (0ms)
			AwakeInstancesAfterBackupRestoration (0ms)
Platform modules already initialized, skipping
Registering precompiled user dll's ...
Registered in 0.009722 seconds.
Begin MonoManager ReloadAssembly
Symbol file LoadedFromMemory doesn't match image C:\Users\ADMIN\My project (1)\Library\PackageCache\com.unity.visualscripting@1.8.0\Editor\VisualScripting.Core\Dependencies\YamlDotNet\Unity.VisualScripting.YamlDotNet.dll
Symbol file LoadedFromMemory doesn't match image C:\Users\ADMIN\My project (1)\Library\PackageCache\com.unity.visualscripting@1.8.0\Editor\VisualScripting.Core\Dependencies\DotNetZip\Unity.VisualScripting.IonicZip.dll
Native extension for WindowsStandalone target not found
Refreshing native plugins compatible for Editor in 0.96 ms, found 3 plugins.
Preloading 0 native plugins for Editor in 0.00 ms.
Mono: successfully reloaded assembly
- Completed reload, in  2.075 seconds
Domain Reload Profiling:
	ReloadAssembly (2076ms)
		BeginReloadAssembly (247ms)
			ExecutionOrderSort (0ms)
			DisableScriptedObjects (7ms)
			BackupInstance (0ms)
			ReleaseScriptingObjects (0ms)
			CreateAndSetChildDomain (31ms)
		EndReloadAssembly (1709ms)
			LoadAssemblies (864ms)
			RebuildTransferFunctionScriptingTraits (0ms)
			SetupTypeCache (319ms)
			ReleaseScriptCaches (1ms)
			RebuildScriptCaches (51ms)
			SetupLoadedEditorAssemblies (547ms)
				LogAssemblyErrors (0ms)
				InitializePlatformSupportModulesInManaged (5ms)
				SetLoadedEditorAssemblies (1ms)
				RefreshPlugins (1ms)
				BeforeProcessingInitializeOnLoad (74ms)
				ProcessInitializeOnLoadAttributes (440ms)
				ProcessInitializeOnLoadMethodAttributes (20ms)
				AfterProcessingInitializeOnLoad (5ms)
				EditorAssembliesLoaded (0ms)
			ExecutionOrderSort2 (0ms)
			AwakeInstancesAfterBackupRestoration (6ms)
Platform modules already initialized, skipping
========================================================================
Worker process is ready to serve import requests
Launched and connected shader compiler UnityShaderCompiler.exe after 0.12 seconds
Refreshing native plugins compatible for Editor in 0.95 ms, found 3 plugins.
Preloading 0 native plugins for Editor in 0.00 ms.
Unloading 3051 Unused Serialized files (Serialized files now loaded: 0)
Unloading 22 unused Assets / (46.3 KB). Loaded Objects now: 3513.
Memory consumption went from 107.5 MB to 107.5 MB.
Total: 7.310700 ms (FindLiveObjects: 0.777200 ms CreateObjectMapping: 0.899700 ms MarkObjects: 5.538700 ms  DeleteObjects: 0.093100 ms)

AssetImportParameters requested are different than current active one (requested -> active):
  custom:video-decoder-ogg-theora: a1e56fd34408186e4bbccfd4996cb3dc -> 
  custom:container-muxer-webm: aa71ff27fc2769a1b78a27578f13a17b -> 
  custom:container-demuxer-webm: 4f35f7cbe854078d1ac9338744f61a02 -> 
  custom:video-encoder-webm-vp8: eb34c28f22e8b96e1ab97ce403110664 -> 
  custom:video-codec-MediaFoundation-h265: 746d11721c4dcdbdad8f713fa42b33f4 -> 
  custom:CustomObjectIndexerAttribute: bc11b3a6c3213fcdd17b65e7da85e133 -> 
  custom:audio-encoder-webm-vorbis: bf7c407c2cedff20999df2af8eb42d56 -> 
  custom:framework-win-MediaFoundation: 216162199b28c13a410421893ffa2e32 -> 
  custom:container-demuxer-ogg: 62fdf1f143b41e24485cea50d1cbac27 -> 
  custom:video-decoder-webm-vp8: 9c59270c3fd7afecdb556c50c9e8de78 -> 
  custom:audio-decoder-ogg-vorbis: bf7c407c2cedff20999df2af8eb42d56 -> 
========================================================================
Received Import Request.
  Time since last request: 547506.465655 seconds.
  path: Assets/Sfx/Bird.mp3
  artifactKey: Guid(0f6a4f8adb39c9b40a79bfa738eb16ea) Importer(815301076,1909f56bfc062723c751e8b465ee728b)
Start importing Assets/Sfx/Bird.mp3 using Guid(0f6a4f8adb39c9b40a79bfa738eb16ea) Importer(815301076,1909f56bfc062723c751e8b465ee728b)  -> (artifact id: '2ebb69a2845aa5aaf82519a1fbe7dc38') in 0.358011 seconds 
========================================================================
Received Import Request.
  Time since last request: 0.000050 seconds.
  path: Assets/Sfx/Badminton smash.mp3
  artifactKey: Guid(da01ddd116d367a40bfb0ec95f2d63c4) Importer(815301076,1909f56bfc062723c751e8b465ee728b)
Start importing Assets/Sfx/Badminton smash.mp3 using Guid(da01ddd116d367a40bfb0ec95f2d63c4) Importer(815301076,1909f56bfc062723c751e8b465ee728b)  -> (artifact id: '7434fc1e2a73c81fbceea4cda2acc848') in 0.047729 seconds 
========================================================================
Received Import Request.
  Time since last request: 0.000061 seconds.
  path: Assets/Sfx/Door closing.mp3
  artifactKey: Guid(89602a38018344d42868d9727d774a1c) Importer(815301076,1909f56bfc062723c751e8b465ee728b)
Start importing Assets/Sfx/Door closing.mp3 using Guid(89602a38018344d42868d9727d774a1c) Importer(815301076,1909f56bfc062723c751e8b465ee728b)  -> (artifact id: '0d1b4c8f54738328569fead93484784e') in 0.049748 seconds 
========================================================================
Received Import Request.
  Time since last request: 0.000044 seconds.
  path: Assets/Sfx/Soft rain.mp3
  artifactKey: Guid(f9599f88cbab7904e989a9efc8ae62e4) Importer(815301076,1909f56bfc062723c751e8b465ee728b)
Start importing Assets/Sfx/Soft rain.mp3 using Guid(f9599f88cbab7904e989a9efc8ae62e4) Importer(815301076,1909f56bfc062723c751e8b465ee728b)  -> (artifact id: '73d5a10a0e431e77ad1cb98ed5c7b220') in 0.042698 seconds 
========================================================================
Received Import Request.
  Time since last request: 0.000037 seconds.
  path: Assets/Sfx/Door opening.mp3
  artifactKey: Guid(ed7ffd85041e4cc44921f320a760d775) Importer(815301076,1909f56bfc062723c751e8b465ee728b)
Start importing Assets/Sfx/Door opening.mp3 using Guid(ed7ffd85041e4cc44921f320a760d775) Importer(815301076,1909f56bfc062723c751e8b465ee728b)  -> (artifact id: 'c49f6b201443cf0539a9543f04653143') in 0.029110 seconds 
========================================================================
Received Import Request.
  Time since last request: 0.000032 seconds.
  path: Assets/Sfx/Outside wind.mp3
  artifactKey: Guid(91a03b575aaf4c443b88762dc29ddbb9) Importer(815301076,1909f56bfc062723c751e8b465ee728b)
Start importing Assets/Sfx/Outside wind.mp3 using Guid(91a03b575aaf4c443b88762dc29ddbb9) Importer(815301076,1909f56bfc062723c751e8b465ee728b)  -> (artifact id: '5f2bf304ce26e3735bab08870b5db050') in 0.030039 seconds 
========================================================================
Received Import Request.
  Time since last request: 0.000033 seconds.
  path: Assets/Sfx/Heavy rain.mp3
  artifactKey: Guid(2e26509673f0ff94a86e2027a3b5540b) Importer(815301076,1909f56bfc062723c751e8b465ee728b)
Start importing Assets/Sfx/Heavy rain.mp3 using Guid(2e26509673f0ff94a86e2027a3b5540b) Importer(815301076,1909f56bfc062723c751e8b465ee728b)  -> (artifact id: '5887f8a48395b7d01af40e586c4c1a53') in 0.059224 seconds 
========================================================================
Received Import Request.
  Time since last request: 0.000043 seconds.
  path: Assets/Sfx/Basketball players.mp3
  artifactKey: Guid(1f05be217b92ea442a3645b0324111ba) Importer(815301076,1909f56bfc062723c751e8b465ee728b)
Start importing Assets/Sfx/Basketball players.mp3 using Guid(1f05be217b92ea442a3645b0324111ba) Importer(815301076,1909f56bfc062723c751e8b465ee728b)  -> (artifact id: '384603d200830e058655604b68be942c') in 0.028329 seconds 
========================================================================
Received Import Request.
  Time since last request: 0.000062 seconds.
  path: Assets/Sfx
  artifactKey: Guid(f78500b5f30e81a4b953122c358abda7) Importer(815301076,1909f56bfc062723c751e8b465ee728b)
Start importing Assets/Sfx using Guid(f78500b5f30e81a4b953122c358abda7) Importer(815301076,1909f56bfc062723c751e8b465ee728b)  -> (artifact id: 'd206238ab420a12fb1c0703288140980') in 0.018757 seconds 
========================================================================
Received Import Request.
  Time since last request: 0.000036 seconds.
  path: Assets/Sfx/Rain with thunder.mp3
  artifactKey: Guid(21f247fdf214a2646851c8c93396347b) Importer(815301076,1909f56bfc062723c751e8b465ee728b)
Start importing Assets/Sfx/Rain with thunder.mp3 using Guid(21f247fdf214a2646851c8c93396347b) Importer(815301076,1909f56bfc062723c751e8b465ee728b)  -> (artifact id: 'a02096638332e5e57d8ffb58b9f223cc') in 0.031255 seconds 
